<?xml version="1.0" encoding="UTF-8"?>
<testsuite name="lk.ac.mrt.cse.dbs.simpleexpensemanager.DatabaseHelperUnitTest" tests="7" skipped="0" failures="0" errors="0" timestamp="2022-05-08T02:58:29" hostname="MSI" time="3.252">
  <properties/>
  <testcase name="getAccountsList" classname="lk.ac.mrt.cse.dbs.simpleexpensemanager.DatabaseHelperUnitTest" time="2.9"/>
  <testcase name="getAccountNumbersList" classname="lk.ac.mrt.cse.dbs.simpleexpensemanager.DatabaseHelperUnitTest" time="0.075"/>
  <testcase name="getAccount" classname="lk.ac.mrt.cse.dbs.simpleexpensemanager.DatabaseHelperUnitTest" time="0.055"/>
  <testcase name="removeAccount" classname="lk.ac.mrt.cse.dbs.simpleexpensemanager.DatabaseHelperUnitTest" time="0.063"/>
  <testcase name="getAccountBalance" classname="lk.ac.mrt.cse.dbs.simpleexpensemanager.DatabaseHelperUnitTest" time="0.058"/>
  <testcase name="testK" classname="lk.ac.mrt.cse.dbs.simpleexpensemanager.DatabaseHelperUnitTest" time="0.044"/>
  <testcase name="addAccount" classname="lk.ac.mrt.cse.dbs.simpleexpensemanager.DatabaseHelperUnitTest" time="0.057"/>
  <system-out><![CDATA[]]></system-out>
  <system-err><![CDATA[]]></system-err>
</testsuite>
